In file included from [01m[K/home/ethereal/qianli/rm_decision/navigator_test_unit/src/Action Level/navigator/src/navigator.cpp:1[m[K:
[01m[K/home/ethereal/qianli/rm_decision/navigator_test_unit/src/Action Level/navigator/include/navigator/navigator.hpp:6:10:[m[K [01;31m[Kfatal error: [m[Kinformation_widgets/rm_decision_defs.hpp: No such file or directory
    6 | #include [01;31m[K"information_widgets/rm_decision_defs.hpp"[m[K
      |          [01;31m[K^~~~~~~~~~~~~~~~~~~~~~~~~~~~~~~~~~~~~~~~~~[m[K
compilation terminated.
gmake[2]: *** [CMakeFiles/rm_decision.dir/build.make:76: CMakeFiles/rm_decision.dir/src/navigator.cpp.o] Error 1
gmake[1]: *** [CMakeFiles/Makefile2:139: CMakeFiles/rm_decision.dir/all] Error 2
gmake: *** [Makefile:146: all] Error 2
