[0.265s] Invoking command in '/home/ethereal/qianli/rm_decision/navigator_test_unit/build/rm_decision': AMENT_PREFIX_PATH=/home/ethereal/qianli/rm_decision/navigator_test_unit/install/navigator_interfaces:${AMENT_PREFIX_PATH} CMAKE_PREFIX_PATH=/home/ethereal/qianli/rm_decision/navigator_test_unit/install/navigator_interfaces:/opt/ros/jazzy/opt/gz_sim_vendor:/opt/ros/jazzy/opt/gz_sensors_vendor:/opt/ros/jazzy/opt/gz_physics_vendor:/opt/ros/jazzy/opt/sdformat_vendor:/opt/ros/jazzy/opt/gz_gui_vendor:/opt/ros/jazzy/opt/gz_transport_vendor:/opt/ros/jazzy/opt/gz_rendering_vendor:/opt/ros/jazzy/opt/gz_plugin_vendor:/opt/ros/jazzy/opt/gz_fuel_tools_vendor:/opt/ros/jazzy/opt/gz_msgs_vendor:/opt/ros/jazzy/opt/gz_common_vendor:/opt/ros/jazzy/opt/gz_math_vendor:/opt/ros/jazzy/opt/gz_utils_vendor:/opt/ros/jazzy/opt/gz_tools_vendor:/opt/ros/jazzy/opt/gz_ogre_next_vendor:/opt/ros/jazzy/opt/gz_dartsim_vendor:/opt/ros/jazzy/opt/gz_cmake_vendor:/opt/ros/jazzy DEBUGINFOD_URLS=https://debuginfod.ubuntu.com LD_LIBRARY_PATH=/home/ethereal/qianli/rm_decision/navigator_test_unit/install/navigator_interfaces/lib:${LD_LIBRARY_PATH} PYTHONPATH=/home/ethereal/qianli/rm_decision/navigator_test_unit/install/navigator_interfaces/lib/python3.12/site-packages:${PYTHONPATH} /usr/bin/cmake --build /home/ethereal/qianli/rm_decision/navigator_test_unit/build/rm_decision -- -j20 -l20
[0.303s] [ 25%] [32mBuilding CXX object CMakeFiles/rm_decision.dir/src/navigator.cpp.o[0m
[2.299s] [01m[K/home/ethereal/qianli/rm_decision/navigator_test_unit/src/Action Level/navigator/src/navigator.cpp:[m[K In member function â€˜[01m[Kvoid Navigator::[01;32m[Kget_current_pose[m[K()[m[Kâ€™:
[2.299s] [01m[K/home/ethereal/qianli/rm_decision/navigator_test_unit/src/Action Level/navigator/src/navigator.cpp:121:5:[m[K [01;31m[Kerror: [m[Kâ€˜[01m[KRMDecision[m[Kâ€™ has not been declared
[2.299s]   121 |     [01;31m[KRMDecision[m[K::PoseStamped currentPose;
[2.299s]       |     [01;31m[K^~~~~~~~~~[m[K
[2.305s] [01m[K/home/ethereal/qianli/rm_decision/navigator_test_unit/src/Action Level/navigator/src/navigator.cpp:122:5:[m[K [01;31m[Kerror: [m[Kâ€˜[01m[KcurrentPose[m[Kâ€™ was not declared in this scope; did you mean â€˜[01m[Kget_current_pose[m[Kâ€™?
[2.305s]   122 |     [01;31m[KcurrentPose[m[K.header.stamp = this->now();
[2.305s]       |     [01;31m[K^~~~~~~~~~~[m[K
[2.305s]       |     [32m[Kget_current_pose[m[K
[4.437s] gmake[2]: *** [CMakeFiles/rm_decision.dir/build.make:76: CMakeFiles/rm_decision.dir/src/navigator.cpp.o] Error 1
[4.437s] gmake[1]: *** [CMakeFiles/Makefile2:139: CMakeFiles/rm_decision.dir/all] Error 2
[4.437s] gmake: *** [Makefile:146: all] Error 2
[4.438s] Invoked command in '/home/ethereal/qianli/rm_decision/navigator_test_unit/build/rm_decision' returned '2': AMENT_PREFIX_PATH=/home/ethereal/qianli/rm_decision/navigator_test_unit/install/navigator_interfaces:${AMENT_PREFIX_PATH} CMAKE_PREFIX_PATH=/home/ethereal/qianli/rm_decision/navigator_test_unit/install/navigator_interfaces:/opt/ros/jazzy/opt/gz_sim_vendor:/opt/ros/jazzy/opt/gz_sensors_vendor:/opt/ros/jazzy/opt/gz_physics_vendor:/opt/ros/jazzy/opt/sdformat_vendor:/opt/ros/jazzy/opt/gz_gui_vendor:/opt/ros/jazzy/opt/gz_transport_vendor:/opt/ros/jazzy/opt/gz_rendering_vendor:/opt/ros/jazzy/opt/gz_plugin_vendor:/opt/ros/jazzy/opt/gz_fuel_tools_vendor:/opt/ros/jazzy/opt/gz_msgs_vendor:/opt/ros/jazzy/opt/gz_common_vendor:/opt/ros/jazzy/opt/gz_math_vendor:/opt/ros/jazzy/opt/gz_utils_vendor:/opt/ros/jazzy/opt/gz_tools_vendor:/opt/ros/jazzy/opt/gz_ogre_next_vendor:/opt/ros/jazzy/opt/gz_dartsim_vendor:/opt/ros/jazzy/opt/gz_cmake_vendor:/opt/ros/jazzy DEBUGINFOD_URLS=https://debuginfod.ubuntu.com LD_LIBRARY_PATH=/home/ethereal/qianli/rm_decision/navigator_test_unit/install/navigator_interfaces/lib:${LD_LIBRARY_PATH} PYTHONPATH=/home/ethereal/qianli/rm_decision/navigator_test_unit/install/navigator_interfaces/lib/python3.12/site-packages:${PYTHONPATH} /usr/bin/cmake --build /home/ethereal/qianli/rm_decision/navigator_test_unit/build/rm_decision -- -j20 -l20
